<?xml version="1.0" encoding="UTF-8"?>
<testng-results ignored="0" total="1" passed="1" failed="0" skipped="0">
  <reporter-output>
  </reporter-output>
  <suite started-at="2023-08-07T21:45:28 IST" name="Default suite" finished-at="2023-08-07T21:46:22 IST" duration-ms="53969">
    <groups>
    </groups>
    <test started-at="2023-08-07T21:45:28 IST" name="Default test" finished-at="2023-08-07T21:46:22 IST" duration-ms="53969">
      <class name="testCase.MainTest">
        <test-method is-config="true" signature="setUp()[pri:0, instance:testCase.MainTest@5fdcaa40]" started-at="2023-08-07T21:45:28 IST" name="setUp" finished-at="2023-08-07T21:45:50 IST" duration-ms="21704" status="PASS">
          <reporter-output>
          </reporter-output>
        </test-method> <!-- setUp -->
        <test-method signature="Select_Flight()[pri:0, instance:testCase.MainTest@5fdcaa40]" started-at="2023-08-07T21:45:50 IST" name="Select_Flight" finished-at="2023-08-07T21:46:20 IST" duration-ms="30193" status="PASS">
          <reporter-output>
          </reporter-output>
        </test-method> <!-- Select_Flight -->
        <test-method is-config="true" signature="tearDown()[pri:0, instance:testCase.MainTest@5fdcaa40]" started-at="2023-08-07T21:46:20 IST" name="tearDown" finished-at="2023-08-07T21:46:22 IST" duration-ms="1822" status="PASS">
          <reporter-output>
          </reporter-output>
        </test-method> <!-- tearDown -->
      </class> <!-- testCase.MainTest -->
    </test> <!-- Default test -->
  </suite> <!-- Default suite -->
</testng-results>
