<?xml version="1.0" encoding="UTF-8"?>
<!-- Generated by org.testng.reporters.JUnitXMLReporter -->
<testsuite ignored="0" hostname="WINDOWS-73URBFV" failures="1" tests="1" name="Test" time="1.216" errors="0" timestamp="2023-08-07T16:42:23 IST">
  <testcase classname="testCase.MainTest" name="Select_Flight" time="0.105">
    <failure type="java.lang.IllegalArgumentException" message="Input must be set">
      <![CDATA[java.lang.IllegalArgumentException: Input must be set
at org.openqa.selenium.internal.Require.nonNull(Require.java:59)
at org.openqa.selenium.support.ui.FluentWait.<init>(FluentWait.java:97)
at org.openqa.selenium.support.ui.WebDriverWait.<init>(WebDriverWait.java:128)
at org.openqa.selenium.support.ui.WebDriverWait.<init>(WebDriverWait.java:61)
at utility.Basic_Utility.clickOnElement(Basic_Utility.java:59)
at cleartrip.pageclass.Home_page.selectFligt(Home_page.java:78)
at testCase.MainTest.Select_Flight(MainTest.java:31)
at java.base/java.util.ArrayList.forEach(ArrayList.java:1511)
... Removed 27 stack frames]]>
    </failure>
  </testcase> <!-- Select_Flight -->
</testsuite> <!-- Test -->
